\BOOKMARK [1][-]{section.1}{\376\377\000M\000a\000t\000h}{}% 1
\BOOKMARK [2][-]{subsection.1.1}{\376\377\153\047\142\311\173\133}{section.1}% 2
\BOOKMARK [2][-]{subsection.1.2}{\376\377\176\304\124\010\145\160}{section.1}% 3
\BOOKMARK [2][-]{subsection.1.3}{\376\377\142\323\134\125\153\047\121\340\221\314\137\227}{section.1}% 4
\BOOKMARK [2][-]{subsection.1.4}{\376\377\116\055\126\375\122\151\117\131\133\232\164\006}{section.1}% 5
\BOOKMARK [2][-]{subsection.1.5}{\376\377\000R\000a\000n\000d\000o\000m\000T\000h\000e\000o\000r\000y}{section.1}% 6
\BOOKMARK [3][-]{subsubsection.1.5.1}{\376\377\000R\000a\000n\000d\000o\000m\000N\000u\000m\000b\000e\000r}{subsection.1.5}% 7
\BOOKMARK [3][-]{subsubsection.1.5.2}{\376\377\000M\000i\000l\000l\000e\000r\000R\000a\000b\000i\000n}{subsection.1.5}% 8
\BOOKMARK [3][-]{subsubsection.1.5.3}{\376\377\000P\000o\000l\000l\000a\000r\000d\000R\000h\000o}{subsection.1.5}% 9
\BOOKMARK [1][-]{section.2}{\376\377\000S\000t\000r\000i\000n\000g}{}% 10
\BOOKMARK [2][-]{subsection.2.1}{\376\377\147\000\134\017\210\150\171\072\154\325}{section.2}% 11
\BOOKMARK [2][-]{subsection.2.2}{\376\377\133\127\173\046\116\062\124\310\136\014}{section.2}% 12
\BOOKMARK [2][-]{subsection.2.3}{\376\377\000K\000M\000P}{section.2}% 13
\BOOKMARK [2][-]{subsection.2.4}{\376\377\133\127\121\170\150\021}{section.2}% 14
\BOOKMARK [2][-]{subsection.2.5}{\376\377\0000\0001\133\127\121\170\150\021}{section.2}% 15
\BOOKMARK [2][-]{subsection.2.6}{\376\377\000A\000C\201\352\122\250\147\072}{section.2}% 16
\BOOKMARK [2][-]{subsection.2.7}{\376\377\000A\000C\201\352\122\250\147\072\0002}{section.2}% 17
\BOOKMARK [2][-]{subsection.2.8}{\376\377\000Z\000-\000F\000u\000n\000c\000t\000i\000o\000n}{section.2}% 18
\BOOKMARK [2][-]{subsection.2.9}{\376\377\232\154\142\311\217\146}{section.2}% 19
\BOOKMARK [2][-]{subsection.2.10}{\376\377\124\016\177\000\145\160\176\304}{section.2}% 20
\BOOKMARK [1][-]{section.3}{\376\377\000D\000a\000t\000a\000S\000t\000r\000u\000c\000t}{}% 21
\BOOKMARK [2][-]{subsection.3.1}{\376\377\000R\000M\000Q}{section.3}% 22
\BOOKMARK [2][-]{subsection.3.2}{\376\377\000H\000e\000a\000p}{section.3}% 23
\BOOKMARK [2][-]{subsection.3.3}{\376\377\136\166\147\345\226\306}{section.3}% 24
\BOOKMARK [2][-]{subsection.3.4}{\376\377\136\046\147\103\136\166\147\345\226\306}{section.3}% 25
\BOOKMARK [2][-]{subsection.3.5}{\376\377\000p\000b\000d\000s\000T\000r\000e\000e}{section.3}% 26
\BOOKMARK [2][-]{subsection.3.6}{\376\377\000S\000e\000g\000m\000e\000n\000t\000T\000r\000e\000e}{section.3}% 27
\BOOKMARK [3][-]{subsubsection.3.6.1}{\376\377\000S\000e\000g\000T\000r\000e\000e}{subsection.3.6}% 28
\BOOKMARK [3][-]{subsubsection.3.6.2}{\376\377\000L\000a\000z\000y\000S\000e\000g\000T\000r\000e\000e}{subsection.3.6}% 29
\BOOKMARK [3][-]{subsubsection.3.6.3}{\376\377\116\073\136\055\150\021}{subsection.3.6}% 30
\BOOKMARK [2][-]{subsection.3.7}{\376\377\000B\000I\000T}{section.3}% 31
\BOOKMARK [3][-]{subsubsection.3.7.1}{\376\377\000B\000I\000T}{subsection.3.7}% 32
\BOOKMARK [3][-]{subsubsection.3.7.2}{\376\377\000R\000a\000n\000g\000e\000B\000I\000T}{subsection.3.7}% 33
\BOOKMARK [3][-]{subsubsection.3.7.3}{\376\377\000M\000a\000t\000B\000I\000T}{subsection.3.7}% 34
\BOOKMARK [3][-]{subsubsection.3.7.4}{\376\377\000R\000a\000n\000g\000e\000M\000a\000t\000B\000I\000T}{subsection.3.7}% 35
\BOOKMARK [2][-]{subsection.3.8}{\376\377\000B\000l\000o\000c\000k}{section.3}% 36
\BOOKMARK [1][-]{section.4}{\376\377\000G\000r\000a\000p\000h}{}% 37
\BOOKMARK [2][-]{subsection.4.1}{\376\377\150\021\122\126}{section.4}% 38
\BOOKMARK [2][-]{subsection.4.2}{\376\377\150\021\166\204\166\364\137\204}{section.4}% 39
\BOOKMARK [2][-]{subsection.4.3}{\376\377\150\021\124\310\136\014}{section.4}% 40
\BOOKMARK [2][-]{subsection.4.4}{\376\377\147\000\167\355\215\357}{section.4}% 41
\BOOKMARK [2][-]{subsection.4.5}{\376\377\116\214\122\006\126\376\147\323\202\162}{section.4}% 42
\BOOKMARK [2][-]{subsection.4.6}{\376\377\142\323\142\121\143\222\136\217}{section.4}% 43
\BOOKMARK [2][-]{subsection.4.7}{\376\377\217\336\220\032\140\047}{section.4}% 44
\BOOKMARK [3][-]{subsubsection.4.7.1}{\376\377\137\072\217\336\220\032\122\006\221\317}{subsection.4.7}% 45
\BOOKMARK [3][-]{subsubsection.4.7.2}{\376\377\122\162\160\271}{subsection.4.7}% 46
\BOOKMARK [3][-]{subsubsection.4.7.3}{\376\377\122\162\217\271}{subsection.4.7}% 47
\BOOKMARK [2][-]{subsection.4.8}{\376\377\177\121\176\334\155\101}{section.4}% 48
\BOOKMARK [3][-]{subsubsection.4.8.1}{\376\377\147\000\131\047\155\101}{subsection.4.8}% 49
\BOOKMARK [3][-]{subsubsection.4.8.2}{\376\377\147\000\134\017\215\071\165\050\155\101}{subsection.4.8}% 50
\BOOKMARK [1][-]{section.5}{\376\377\000O\000p\000t\000i\000m\000i\000z\000e}{}% 51
\BOOKMARK [2][-]{subsection.5.1}{\376\377\137\353\213\373\137\353\121\231}{section.5}% 52
\BOOKMARK [2][-]{subsection.5.2}{\376\377\142\113\121\231\124\310\136\014}{section.5}% 53
